[2025-06-05 14:34:07] Accurate config loaded successfully
[2025-06-05 14:34:07] Making API call to: https://account.accurate.id/api/api-token.do
[2025-06-05 14:34:07] Timestamp: 05/06/2025 14:34:07
[2025-06-05 14:34:07] Signature: g+HmQdg+k8Kn4LqNvi/4...
[2025-06-05 14:34:08] HTTP Code: 200
[2025-06-05 14:34:08] Response length: 580 bytes
[2025-06-05 14:34:08] Response preview: {"s":true,"d":{"database":{"license":{"education":false,"licenseEnd":"17/06/2025","accessibleUntil":"22/06/2025","sample":false,"trial":true},"deleted":false,"bgColor":"FFFFFF","host":"https://zeus.ac...
[2025-06-05 14:34:08] JSON decoded successfully
[2025-06-05 14:34:08] API call successful
[2025-06-05 14:34:08] Host found at path 'd.database.host': https://zeus.accurate.id
[2025-06-05 14:34:25] Accurate config loaded successfully
[2025-06-05 14:34:25] Making API call to: https://account.accurate.id/api/api-token.do
[2025-06-05 14:34:25] Timestamp: 05/06/2025 14:34:25
[2025-06-05 14:34:25] Signature: 8+bjhy3kg+NjdSjzu2f/...
[2025-06-05 14:34:25] HTTP Code: 200
[2025-06-05 14:34:25] Response length: 580 bytes
[2025-06-05 14:34:25] Response preview: {"s":true,"d":{"database":{"license":{"education":false,"licenseEnd":"17/06/2025","accessibleUntil":"22/06/2025","sample":false,"trial":true},"deleted":false,"bgColor":"FFFFFF","host":"https://zeus.ac...
[2025-06-05 14:34:25] JSON decoded successfully
[2025-06-05 14:34:25] API call successful
[2025-06-05 14:34:25] Host found at path 'd.database.host': https://zeus.accurate.id
[2025-06-05 14:34:34] Accurate config loaded successfully
[2025-06-05 14:34:34] Making API call to: https://account.accurate.id/api/api-token.do
[2025-06-05 14:34:34] Timestamp: 05/06/2025 14:34:34
[2025-06-05 14:34:34] Signature: Mh2D0fg8ruE+UwpVrwyj...
[2025-06-05 14:34:34] HTTP Code: 200
[2025-06-05 14:34:34] Response length: 580 bytes
[2025-06-05 14:34:34] Response preview: {"s":true,"d":{"database":{"license":{"education":false,"licenseEnd":"17/06/2025","accessibleUntil":"22/06/2025","sample":false,"trial":true},"deleted":false,"bgColor":"FFFFFF","host":"https://zeus.ac...
[2025-06-05 14:34:34] JSON decoded successfully
[2025-06-05 14:34:34] API call successful
[2025-06-05 14:34:34] Host found at path 'd.database.host': https://zeus.accurate.id
[2025-06-05 14:36:06] Accurate config loaded successfully
[2025-06-05 14:36:17] Accurate config loaded successfully
[2025-06-05 14:58:56] Accurate config loaded successfully
[2025-06-09 09:07:26] Accurate config loaded successfully
[2025-06-09 16:08:19] Accurate config loaded successfully
[2025-06-09 19:42:44] Accurate config loaded successfully
[2025-06-09 21:13:45] Accurate config loaded successfully
[2025-06-11 08:48:00] Accurate config loaded successfully
[2025-06-11 11:53:29] Accurate config loaded successfully
[2025-06-11 14:23:41] Accurate config loaded successfully
[2025-06-11 14:52:53] Accurate config loaded successfully
[2025-06-11 15:40:55] Accurate config loaded successfully
[2025-06-12 13:02:31] Accurate config loaded successfully
[2025-06-13 08:16:50] Accurate config loaded successfully
[2025-06-13 13:19:18] Accurate config loaded successfully
[2025-06-13 15:59:12] Accurate config loaded successfully
[2025-06-14 08:23:46] Accurate config loaded successfully
[2025-06-14 10:58:39] Accurate config loaded successfully
[2025-06-14 13:40:16] Accurate config loaded successfully
[2025-06-14 14:36:15] Accurate config loaded successfully
[2025-06-14 15:02:34] Accurate config loaded successfully
[2025-06-14 16:34:43] Accurate config loaded successfully
[2025-06-15 08:39:01] Accurate config loaded successfully
[2025-06-15 10:56:42] Accurate config loaded successfully
[2025-06-16 08:28:38] Accurate config loaded successfully
[2025-06-16 14:23:11] Accurate config loaded successfully
[2025-06-17 09:07:54] Accurate config loaded successfully
[2025-06-17 12:29:13] Accurate config loaded successfully
[2025-06-17 13:33:29] Accurate config loaded successfully
[2025-06-17 15:58:40] Accurate config loaded successfully
[2025-06-17 16:37:55] Accurate config loaded successfully
[2025-06-17 18:31:47] Accurate config loaded successfully
[2025-06-17 20:04:34] Accurate config loaded successfully
[2025-06-18 09:56:54] Accurate config loaded successfully
[2025-06-27 09:44:52] Accurate config loaded successfully
[2025-07-02 10:18:23] Accurate config loaded successfully
[2025-07-02 13:31:53] Accurate config loaded successfully
[2025-07-09 10:45:38] Accurate config loaded successfully
[2025-07-09 14:02:35] Accurate config loaded successfully
[2025-07-09 15:53:18] Accurate config loaded successfully
[2025-07-10 13:30:25] Accurate config loaded successfully
[2025-07-11 08:39:11] Accurate config loaded successfully
[2025-07-11 09:47:11] Accurate config loaded successfully
[2025-07-11 10:48:05] Accurate config loaded successfully
[2025-07-11 13:20:38] Accurate config loaded successfully
[2025-07-12 08:35:26] Accurate config loaded successfully
[2025-07-12 09:03:06] Accurate config loaded successfully
[2025-07-25 13:34:23] Accurate config loaded successfully
[2025-07-26 08:40:23] Accurate config loaded successfully
[2025-07-26 10:32:09] Accurate config loaded successfully
[2025-07-26 11:15:21] Accurate config loaded successfully
[2025-07-26 13:28:21] Accurate config loaded successfully
[2025-07-27 08:31:24] Accurate config loaded successfully
[2025-07-28 08:26:22] Accurate config loaded successfully
[2025-07-28 11:23:03] Accurate config loaded successfully
[2025-07-28 15:40:58] Accurate config loaded successfully
[2025-07-28 16:38:31] Accurate config loaded successfully
[2025-08-02 08:58:46] Accurate config loaded successfully
[2025-08-02 14:03:43] Accurate config loaded successfully
[2025-08-02 14:25:36] Accurate config loaded successfully
[2025-08-06 16:24:25] Accurate config loaded successfully
[2025-08-06 16:59:58] Accurate config loaded successfully
[2025-08-06 20:15:06] Accurate config loaded successfully
[2025-08-07 10:14:49] Accurate config loaded successfully
[2025-08-07 15:06:15] Accurate config loaded successfully
[2025-08-07 15:57:51] Accurate config loaded successfully
[2025-08-07 20:09:15] Accurate config loaded successfully
[2025-08-08 08:33:34] Accurate config loaded successfully
[2025-08-08 16:07:52] Accurate config loaded successfully
[2025-08-08 16:12:07] Accurate config loaded successfully
[2025-08-08 16:40:55] Accurate config loaded successfully
[2025-08-08 16:41:35] Accurate config loaded successfully
[2025-08-09 09:20:20] Accurate config loaded successfully
[2025-08-09 09:20:26] Accurate config loaded successfully
[2025-08-09 09:28:59] Accurate config loaded successfully
[2025-08-09 09:29:08] Accurate config loaded successfully
[2025-08-09 09:29:16] Accurate config loaded successfully
[2025-08-09 09:29:23] Accurate config loaded successfully
[2025-08-09 10:01:54] Accurate config loaded successfully
[2025-08-09 10:05:57] Accurate config loaded successfully
[2025-08-09 10:08:45] Accurate config loaded successfully
[2025-08-09 10:09:12] Accurate config loaded successfully
[2025-08-09 10:54:14] Accurate config loaded successfully
[2025-08-09 14:44:06] Accurate config loaded successfully
[2025-08-09 20:39:46] Accurate config loaded successfully
[2025-08-10 08:43:19] Accurate config loaded successfully
[2025-08-10 09:51:03] Accurate config loaded successfully
[2025-08-11 11:01:34] Accurate config loaded successfully
[2025-08-11 11:35:42] Accurate config loaded successfully
[2025-08-13 13:33:09] Accurate config loaded successfully
[2025-08-14 08:39:27] Accurate config loaded successfully
[2025-08-14 08:51:44] Accurate config loaded successfully
[2025-08-15 08:37:17] Accurate config loaded successfully
[2025-08-15 14:00:05] Accurate config loaded successfully
[2025-08-16 08:34:59] Accurate config loaded successfully
[2025-08-18 09:04:40] Accurate config loaded successfully
[2025-08-20 08:20:01] Accurate config loaded successfully
[2025-08-27 10:04:30] Accurate config loaded successfully
[2025-08-27 10:32:22] Accurate config loaded successfully
