[2025-06-05 14:36:25] Accurate config loaded successfully
[2025-06-05 14:36:28] Accurate config loaded successfully
[2025-06-05 14:36:29] Accurate config loaded successfully
[2025-06-05 14:36:29] Accurate config loaded successfully
[2025-06-05 14:39:36] Accurate config loaded successfully
[2025-06-05 14:54:33] Accurate config loaded successfully
[2025-06-05 14:55:06] Accurate config loaded successfully
[2025-06-05 14:55:16] Accurate config loaded successfully
[2025-06-05 14:59:06] Accurate config loaded successfully
[2025-06-05 14:59:07] Accurate config loaded successfully
[2025-06-05 14:59:08] Accurate config loaded successfully
[2025-06-05 14:59:09] Accurate config loaded successfully
[2025-06-05 14:59:09] Accurate config loaded successfully
[2025-06-05 14:59:09] Accurate config loaded successfully
[2025-06-05 14:59:09] Accurate config loaded successfully
[2025-06-05 14:59:09] Accurate config loaded successfully
[2025-06-05 14:59:09] Accurate config loaded successfully
[2025-06-05 14:59:10] Accurate config loaded successfully
[2025-06-05 14:59:10] Accurate config loaded successfully
[2025-06-05 14:59:10] Accurate config loaded successfully
[2025-06-05 15:04:22] Accurate config loaded successfully
[2025-06-05 15:06:16] Accurate config loaded successfully
[2025-06-05 15:06:34] Accurate config loaded successfully
[2025-06-05 15:07:12] Accurate config loaded successfully
[2025-06-05 15:11:49] Accurate config loaded successfully
[2025-06-05 15:35:56] Accurate config loaded successfully
[2025-06-05 15:38:23] Accurate config loaded successfully
[2025-06-05 15:38:28] Accurate config loaded successfully
[2025-06-05 15:38:31] Accurate config loaded successfully
[2025-06-05 15:38:32] Accurate config loaded successfully
[2025-06-05 15:38:58] Accurate config loaded successfully
[2025-06-05 15:39:01] Accurate config loaded successfully
[2025-06-05 15:39:05] Accurate config loaded successfully
[2025-06-05 15:39:08] Accurate config loaded successfully
[2025-06-05 15:39:09] Accurate config loaded successfully
[2025-06-05 15:42:37] Accurate config loaded successfully
[2025-06-05 15:43:37] Accurate config loaded successfully
[2025-06-05 15:44:38] Accurate config loaded successfully
[2025-06-05 15:44:58] Accurate config loaded successfully
[2025-06-05 15:45:36] Accurate config loaded successfully
[2025-06-05 15:46:10] Accurate config loaded successfully
[2025-06-05 15:46:16] Accurate config loaded successfully
[2025-06-05 15:46:19] Accurate config loaded successfully
[2025-06-05 15:46:21] Accurate config loaded successfully
[2025-06-05 15:48:46] Accurate config loaded successfully
[2025-06-05 15:48:51] Accurate config loaded successfully
[2025-06-05 15:48:53] Accurate config loaded successfully
[2025-06-05 15:48:56] Accurate config loaded successfully
[2025-06-05 16:14:00] Accurate config loaded successfully
[2025-06-05 16:14:02] Accurate config loaded successfully
[2025-06-05 16:18:23] Accurate config loaded successfully
[2025-06-05 16:18:27] Accurate config loaded successfully
[2025-06-05 16:18:31] Accurate config loaded successfully
[2025-06-05 16:18:33] Accurate config loaded successfully
[2025-06-05 16:18:35] Accurate config loaded successfully
[2025-06-05 16:20:07] Accurate config loaded successfully
[2025-06-05 16:20:11] Accurate config loaded successfully
[2025-06-05 16:20:14] Accurate config loaded successfully
[2025-06-05 16:20:16] Accurate config loaded successfully
[2025-06-05 16:31:49] Accurate config loaded successfully
[2025-06-05 16:31:52] Accurate config loaded successfully
[2025-06-05 16:31:55] Accurate config loaded successfully
[2025-06-05 16:31:56] Accurate config loaded successfully
[2025-06-05 16:37:43] Accurate config loaded successfully
[2025-06-05 16:37:47] Accurate config loaded successfully
[2025-06-05 16:37:49] Accurate config loaded successfully
[2025-06-05 16:37:51] Accurate config loaded successfully
[2025-06-05 16:38:48] Accurate config loaded successfully
[2025-06-05 16:38:57] Accurate config loaded successfully
[2025-06-05 16:39:03] Accurate config loaded successfully
[2025-06-05 16:39:07] Accurate config loaded successfully
[2025-06-05 16:41:37] Accurate config loaded successfully
[2025-06-05 16:46:54] Accurate config loaded successfully
[2025-06-05 16:47:14] Accurate config loaded successfully
[2025-06-05 16:47:16] Accurate config loaded successfully
[2025-06-09 09:07:35] Accurate config loaded successfully
[2025-06-09 09:26:42] Accurate config loaded successfully
[2025-06-09 09:26:45] Accurate config loaded successfully
[2025-06-09 09:26:56] Accurate config loaded successfully
[2025-06-09 09:30:16] Accurate config loaded successfully
[2025-06-09 09:30:44] Accurate config loaded successfully
[2025-06-09 09:31:08] Accurate config loaded successfully
[2025-06-09 09:31:08] Accurate config loaded successfully
[2025-06-09 09:31:17] Accurate config loaded successfully
[2025-06-09 09:38:28] Accurate config loaded successfully
[2025-06-09 09:38:29] Accurate config loaded successfully
[2025-06-09 09:38:29] Accurate config loaded successfully
[2025-06-09 09:38:30] Accurate config loaded successfully
[2025-06-09 09:38:30] Accurate config loaded successfully
[2025-06-09 09:38:30] Accurate config loaded successfully
[2025-06-09 09:40:54] Accurate config loaded successfully
[2025-06-09 09:44:20] Accurate config loaded successfully
[2025-06-09 09:44:28] Accurate config loaded successfully
[2025-06-09 09:44:52] Accurate config loaded successfully
[2025-06-09 10:18:07] Accurate config loaded successfully
[2025-06-09 10:18:17] Accurate config loaded successfully
[2025-06-09 10:18:27] Accurate config loaded successfully
[2025-06-09 10:18:44] Accurate config loaded successfully
[2025-06-09 10:22:37] Accurate config loaded successfully
[2025-06-09 10:23:46] Accurate config loaded successfully
[2025-06-09 10:25:24] Accurate config loaded successfully
[2025-06-09 10:25:47] Accurate config loaded successfully
[2025-06-09 10:28:04] Accurate config loaded successfully
[2025-06-09 10:28:33] Accurate config loaded successfully
[2025-06-09 10:28:41] Accurate config loaded successfully
[2025-06-09 10:29:13] Accurate config loaded successfully
[2025-06-09 10:29:21] Accurate config loaded successfully
[2025-06-09 10:29:31] Accurate config loaded successfully
[2025-06-09 10:29:37] Accurate config loaded successfully
[2025-06-09 10:33:04] Accurate config loaded successfully
[2025-06-09 10:40:08] Accurate config loaded successfully
[2025-06-09 11:04:32] Accurate config loaded successfully
[2025-06-09 11:04:37] Accurate config loaded successfully
[2025-06-09 11:10:57] Accurate config loaded successfully
[2025-06-09 11:13:03] Accurate config loaded successfully
[2025-06-09 11:13:19] Accurate config loaded successfully
[2025-06-09 11:14:03] Accurate config loaded successfully
[2025-06-09 11:14:14] Accurate config loaded successfully
[2025-06-09 11:15:47] Accurate config loaded successfully
[2025-06-09 11:15:55] Accurate config loaded successfully
[2025-06-09 11:19:57] Accurate config loaded successfully
[2025-06-09 13:03:26] Accurate config loaded successfully
[2025-06-09 13:03:34] Accurate config loaded successfully
[2025-06-09 13:03:38] Accurate config loaded successfully
[2025-06-09 13:03:53] Accurate config loaded successfully
[2025-06-09 13:04:04] Accurate config loaded successfully
[2025-06-09 13:04:10] Accurate config loaded successfully
[2025-06-09 13:04:18] Accurate config loaded successfully
[2025-06-09 13:08:15] Accurate config loaded successfully
[2025-06-09 13:12:56] Accurate config loaded successfully
[2025-06-09 13:13:01] Accurate config loaded successfully
[2025-06-09 13:17:30] Accurate config loaded successfully
[2025-06-09 13:17:38] Accurate config loaded successfully
[2025-06-09 13:17:44] Accurate config loaded successfully
[2025-06-09 13:17:48] Accurate config loaded successfully
[2025-06-09 13:17:51] Accurate config loaded successfully
[2025-06-09 13:45:38] Accurate config loaded successfully
[2025-06-09 13:45:44] Accurate config loaded successfully
[2025-06-09 13:46:00] Accurate config loaded successfully
[2025-06-09 14:22:10] Accurate config loaded successfully
[2025-06-09 14:22:18] Accurate config loaded successfully
[2025-06-09 14:23:01] Accurate config loaded successfully
[2025-06-09 14:23:09] Accurate config loaded successfully
[2025-06-09 14:23:14] Accurate config loaded successfully
[2025-06-09 14:23:22] Accurate config loaded successfully
[2025-06-09 14:23:32] Accurate config loaded successfully
[2025-06-09 16:08:27] Accurate config loaded successfully
[2025-06-09 16:18:03] Accurate config loaded successfully
[2025-06-09 16:28:03] Accurate config loaded successfully
[2025-06-09 16:28:19] Accurate config loaded successfully
[2025-06-09 16:28:28] Accurate config loaded successfully
[2025-06-09 16:28:44] Accurate config loaded successfully
[2025-06-09 16:31:12] Accurate config loaded successfully
[2025-06-09 16:31:25] Accurate config loaded successfully
[2025-06-09 20:05:03] Accurate config loaded successfully
[2025-06-09 20:05:05] Accurate config loaded successfully
[2025-06-09 20:05:14] Accurate config loaded successfully
[2025-06-09 20:05:20] Accurate config loaded successfully
[2025-06-09 20:05:27] Accurate config loaded successfully
[2025-06-09 20:05:32] Accurate config loaded successfully
[2025-06-09 20:05:53] Accurate config loaded successfully
[2025-06-09 20:06:15] Accurate config loaded successfully
[2025-06-09 20:07:19] Accurate config loaded successfully
[2025-06-09 21:13:53] Accurate config loaded successfully
[2025-06-09 21:26:42] Accurate config loaded successfully
[2025-06-11 08:48:25] Accurate config loaded successfully
[2025-06-11 09:10:06] Accurate config loaded successfully
[2025-06-11 09:16:10] Accurate config loaded successfully
[2025-06-11 09:22:23] Accurate config loaded successfully
[2025-06-11 09:22:36] Accurate config loaded successfully
[2025-06-11 09:22:52] Accurate config loaded successfully
[2025-06-11 09:28:02] Accurate config loaded successfully
[2025-06-11 09:28:22] Accurate config loaded successfully
[2025-06-11 09:28:34] Accurate config loaded successfully
[2025-06-11 09:44:32] Accurate config loaded successfully
[2025-06-11 09:44:36] Accurate config loaded successfully
[2025-06-11 09:45:25] Accurate config loaded successfully
[2025-06-11 10:10:11] Accurate config loaded successfully
[2025-06-11 10:10:52] Accurate config loaded successfully
[2025-06-11 10:49:45] Accurate config loaded successfully
[2025-06-11 10:50:08] Accurate config loaded successfully
[2025-06-11 11:54:10] Accurate config loaded successfully
[2025-06-11 11:54:14] Accurate config loaded successfully
[2025-06-11 12:16:59] Accurate config loaded successfully
[2025-06-11 12:17:18] Accurate config loaded successfully
[2025-06-11 12:17:28] Accurate config loaded successfully
[2025-06-11 12:17:37] Accurate config loaded successfully
[2025-06-11 12:39:04] Accurate config loaded successfully
[2025-06-11 12:39:20] Accurate config loaded successfully
[2025-06-11 13:15:09] Accurate config loaded successfully
[2025-06-11 13:15:19] Accurate config loaded successfully
[2025-06-11 13:15:27] Accurate config loaded successfully
[2025-06-11 14:25:20] Accurate config loaded successfully
[2025-06-11 14:27:00] Accurate config loaded successfully
[2025-06-11 14:27:13] Accurate config loaded successfully
[2025-06-11 14:27:17] Accurate config loaded successfully
[2025-06-11 14:37:46] Accurate config loaded successfully
[2025-06-11 14:37:54] Accurate config loaded successfully
[2025-06-11 14:38:05] Accurate config loaded successfully
[2025-06-11 14:38:11] Accurate config loaded successfully
[2025-06-11 14:39:22] Accurate config loaded successfully
[2025-06-11 14:50:56] Accurate config loaded successfully
[2025-06-11 14:51:05] Accurate config loaded successfully
[2025-06-11 14:51:16] Accurate config loaded successfully
[2025-06-11 14:52:24] Accurate config loaded successfully
[2025-06-11 14:52:27] Accurate config loaded successfully
[2025-06-11 14:52:29] Accurate config loaded successfully
[2025-06-11 14:52:29] Accurate config loaded successfully
[2025-06-11 14:52:29] Accurate config loaded successfully
[2025-06-11 14:52:30] Accurate config loaded successfully
[2025-06-11 14:52:30] Accurate config loaded successfully
[2025-06-11 14:52:34] Accurate config loaded successfully
[2025-06-11 14:52:59] Accurate config loaded successfully
[2025-06-11 14:53:17] Accurate config loaded successfully
[2025-06-11 14:53:27] Accurate config loaded successfully
[2025-06-11 14:59:05] Accurate config loaded successfully
[2025-06-11 14:59:10] Accurate config loaded successfully
[2025-06-11 14:59:19] Accurate config loaded successfully
[2025-06-11 14:59:21] Accurate config loaded successfully
[2025-06-11 14:59:26] Accurate config loaded successfully
[2025-06-11 15:41:15] Accurate config loaded successfully
[2025-06-11 15:42:31] Accurate config loaded successfully
[2025-06-11 15:42:33] Making API call to: https://account.accurate.id/api/api-token.do
[2025-06-11 15:42:33] Timestamp: 11/06/2025 15:42:33
[2025-06-11 15:42:33] Signature: Uu+UUK5Y1hbd66MfCSuR...
[2025-06-11 15:42:34] HTTP Code: 200
[2025-06-11 15:42:34] Response length: 580 bytes
[2025-06-11 15:42:34] Response preview: {"s":true,"d":{"database":{"license":{"education":false,"licenseEnd":"17/06/2025","accessibleUntil":"22/06/2025","sample":false,"trial":true},"deleted":false,"bgColor":"FFFFFF","host":"https://zeus.ac...
[2025-06-11 15:42:34] JSON decoded successfully
[2025-06-11 15:42:34] API call successful
[2025-06-11 15:42:34] Host found at path 'd.database.host': https://zeus.accurate.id
[2025-06-11 15:42:40] Accurate config loaded successfully
[2025-06-11 15:42:40] Making API call to: https://account.accurate.id/api/api-token.do
[2025-06-11 15:42:40] Timestamp: 11/06/2025 15:42:40
[2025-06-11 15:42:40] Signature: MTWsk60a7mrnUD0jtra5...
[2025-06-11 15:42:42] HTTP Code: 200
[2025-06-11 15:42:42] Response length: 580 bytes
[2025-06-11 15:42:42] Response preview: {"s":true,"d":{"database":{"license":{"education":false,"licenseEnd":"17/06/2025","accessibleUntil":"22/06/2025","sample":false,"trial":true},"deleted":false,"bgColor":"FFFFFF","host":"https://zeus.ac...
[2025-06-11 15:42:42] JSON decoded successfully
[2025-06-11 15:42:42] API call successful
[2025-06-11 15:42:42] Host found at path 'd.database.host': https://zeus.accurate.id
[2025-06-11 15:42:43] Failed to establish Accurate session
[2025-06-11 15:45:17] Accurate config loaded successfully
[2025-06-11 15:45:17] Making API call to: https://account.accurate.id/api/api-token.do
[2025-06-11 15:45:17] Timestamp: 11/06/2025 15:45:17
[2025-06-11 15:45:17] Signature: YjdJqGCEPdrAKiAEXC/w...
[2025-06-11 15:45:18] HTTP Code: 200
[2025-06-11 15:45:18] Response length: 580 bytes
[2025-06-11 15:45:18] Response preview: {"s":true,"d":{"database":{"license":{"education":false,"licenseEnd":"17/06/2025","accessibleUntil":"22/06/2025","sample":false,"trial":true},"deleted":false,"bgColor":"FFFFFF","host":"https://zeus.ac...
[2025-06-11 15:45:18] JSON decoded successfully
[2025-06-11 15:45:18] API call successful
[2025-06-11 15:45:18] Host found at path 'd.database.host': https://zeus.accurate.id
[2025-06-11 15:45:24] Accurate config loaded successfully
[2025-06-11 15:45:24] Making API call to: https://account.accurate.id/api/api-token.do
[2025-06-11 15:45:24] Timestamp: 11/06/2025 15:45:24
[2025-06-11 15:45:24] Signature: AjgZupej7WdDAC+IyWnK...
[2025-06-11 15:45:24] HTTP Code: 200
[2025-06-11 15:45:24] Response length: 580 bytes
[2025-06-11 15:45:24] Response preview: {"s":true,"d":{"database":{"license":{"education":false,"licenseEnd":"17/06/2025","accessibleUntil":"22/06/2025","sample":false,"trial":true},"deleted":false,"bgColor":"FFFFFF","host":"https://zeus.ac...
[2025-06-11 15:45:24] JSON decoded successfully
[2025-06-11 15:45:24] API call successful
[2025-06-11 15:45:24] Host found at path 'd.database.host': https://zeus.accurate.id
[2025-06-11 15:45:25] Save to Accurate - HTTP Code: 200, Response: {"r":{"codeUnitTax":null,"optLock":0,"name":"Dummy","id":200},"s":true,"d":["Satuan Barang \"Dummy\" berhasil disimpan"]}, Error: 
[2025-06-11 16:16:28] Accurate config loaded successfully
[2025-06-11 16:16:36] Accurate config loaded successfully
[2025-06-11 16:36:44] Accurate config loaded successfully
[2025-06-11 16:36:44] Making API call to: https://account.accurate.id/api/api-token.do
[2025-06-11 16:36:44] Timestamp: 11/06/2025 16:36:44
[2025-06-11 16:36:44] Signature: V6gPu2zMPwfm2WX+i+2M...
[2025-06-11 16:36:44] HTTP Code: 200
[2025-06-11 16:36:44] Response length: 580 bytes
[2025-06-11 16:36:44] Response preview: {"s":true,"d":{"database":{"license":{"education":false,"licenseEnd":"17/06/2025","accessibleUntil":"22/06/2025","sample":false,"trial":true},"deleted":false,"bgColor":"FFFFFF","host":"https://zeus.ac...
[2025-06-11 16:36:44] JSON decoded successfully
[2025-06-11 16:36:44] API call successful
[2025-06-11 16:36:44] Host found at path 'd.database.host': https://zeus.accurate.id
[2025-06-11 16:36:47] Accurate config loaded successfully
[2025-06-11 16:36:48] Making API call to: https://account.accurate.id/api/api-token.do
[2025-06-11 16:36:48] Timestamp: 11/06/2025 16:36:48
[2025-06-11 16:36:48] Signature: ZPK+DHrj4rgLWQ4afSgd...
[2025-06-11 16:36:48] HTTP Code: 200
[2025-06-11 16:36:48] Response length: 580 bytes
[2025-06-11 16:36:48] Response preview: {"s":true,"d":{"database":{"license":{"education":false,"licenseEnd":"17/06/2025","accessibleUntil":"22/06/2025","sample":false,"trial":true},"deleted":false,"bgColor":"FFFFFF","host":"https://zeus.ac...
[2025-06-11 16:36:48] JSON decoded successfully
[2025-06-11 16:36:48] API call successful
[2025-06-11 16:36:48] Host found at path 'd.database.host': https://zeus.accurate.id
[2025-06-11 16:36:51] Accurate config loaded successfully
[2025-06-11 16:36:51] Making API call to: https://account.accurate.id/api/api-token.do
[2025-06-11 16:36:51] Timestamp: 11/06/2025 16:36:51
[2025-06-11 16:36:51] Signature: Vo7dLgkVjGP9pMuE21q/...
[2025-06-11 16:36:51] HTTP Code: 200
[2025-06-11 16:36:51] Response length: 580 bytes
[2025-06-11 16:36:51] Response preview: {"s":true,"d":{"database":{"license":{"education":false,"licenseEnd":"17/06/2025","accessibleUntil":"22/06/2025","sample":false,"trial":true},"deleted":false,"bgColor":"FFFFFF","host":"https://zeus.ac...
[2025-06-11 16:36:51] JSON decoded successfully
[2025-06-11 16:36:51] API call successful
[2025-06-11 16:36:51] Host found at path 'd.database.host': https://zeus.accurate.id
[2025-06-11 16:36:57] Accurate config loaded successfully
[2025-06-11 16:36:57] Making API call to: https://account.accurate.id/api/api-token.do
[2025-06-11 16:36:57] Timestamp: 11/06/2025 16:36:57
[2025-06-11 16:36:57] Signature: A1my+LN6ekl/EkQI09c3...
[2025-06-11 16:36:57] HTTP Code: 200
[2025-06-11 16:36:57] Response length: 580 bytes
[2025-06-11 16:36:57] Response preview: {"s":true,"d":{"database":{"license":{"education":false,"licenseEnd":"17/06/2025","accessibleUntil":"22/06/2025","sample":false,"trial":true},"deleted":false,"bgColor":"FFFFFF","host":"https://zeus.ac...
[2025-06-11 16:36:57] JSON decoded successfully
[2025-06-11 16:36:57] API call successful
[2025-06-11 16:36:57] Host found at path 'd.database.host': https://zeus.accurate.id
[2025-06-11 16:37:02] Accurate config loaded successfully
[2025-06-11 16:37:02] Making API call to: https://account.accurate.id/api/api-token.do
[2025-06-11 16:37:02] Timestamp: 11/06/2025 16:37:02
[2025-06-11 16:37:02] Signature: GseDcN5EoZsN3HE5owBZ...
[2025-06-11 16:37:02] HTTP Code: 200
[2025-06-11 16:37:02] Response length: 580 bytes
[2025-06-11 16:37:02] Response preview: {"s":true,"d":{"database":{"license":{"education":false,"licenseEnd":"17/06/2025","accessibleUntil":"22/06/2025","sample":false,"trial":true},"deleted":false,"bgColor":"FFFFFF","host":"https://zeus.ac...
[2025-06-11 16:37:02] JSON decoded successfully
[2025-06-11 16:37:02] API call successful
[2025-06-11 16:37:02] Host found at path 'd.database.host': https://zeus.accurate.id
[2025-06-11 16:37:12] Accurate config loaded successfully
[2025-06-11 16:37:12] Making API call to: https://account.accurate.id/api/api-token.do
[2025-06-11 16:37:12] Timestamp: 11/06/2025 16:37:12
[2025-06-11 16:37:12] Signature: wJsOJ8aicqt1/Hsd+GU0...
[2025-06-11 16:37:12] HTTP Code: 200
[2025-06-11 16:37:12] Response length: 580 bytes
[2025-06-11 16:37:12] Response preview: {"s":true,"d":{"database":{"license":{"education":false,"licenseEnd":"17/06/2025","accessibleUntil":"22/06/2025","sample":false,"trial":true},"deleted":false,"bgColor":"FFFFFF","host":"https://zeus.ac...
[2025-06-11 16:37:12] JSON decoded successfully
[2025-06-11 16:37:12] API call successful
[2025-06-11 16:37:12] Host found at path 'd.database.host': https://zeus.accurate.id
[2025-06-11 16:52:55] Accurate config loaded successfully
[2025-06-11 16:53:03] Accurate config loaded successfully
[2025-06-11 16:53:03] Making API call to: https://account.accurate.id/api/api-token.do
[2025-06-11 16:53:03] Timestamp: 11/06/2025 16:53:03
[2025-06-11 16:53:03] Signature: CXwS5hns8512SuWeoPO8...
[2025-06-11 16:53:03] HTTP Code: 200
[2025-06-11 16:53:03] Response length: 580 bytes
[2025-06-11 16:53:03] Response preview: {"s":true,"d":{"database":{"license":{"education":false,"licenseEnd":"17/06/2025","accessibleUntil":"22/06/2025","sample":false,"trial":true},"deleted":false,"bgColor":"FFFFFF","host":"https://zeus.ac...
[2025-06-11 16:53:03] JSON decoded successfully
[2025-06-11 16:53:03] API call successful
[2025-06-11 16:53:03] Host found at path 'd.database.host': https://zeus.accurate.id
[2025-06-11 16:53:30] Accurate config loaded successfully
[2025-06-11 16:53:30] Making API call to: https://account.accurate.id/api/api-token.do
[2025-06-11 16:53:30] Timestamp: 11/06/2025 16:53:30
[2025-06-11 16:53:30] Signature: 1sAJaxDykpTcQUBZ+JHt...
[2025-06-11 16:53:30] HTTP Code: 200
[2025-06-11 16:53:30] Response length: 580 bytes
[2025-06-11 16:53:30] Response preview: {"s":true,"d":{"database":{"license":{"education":false,"licenseEnd":"17/06/2025","accessibleUntil":"22/06/2025","sample":false,"trial":true},"deleted":false,"bgColor":"FFFFFF","host":"https://zeus.ac...
[2025-06-11 16:53:30] JSON decoded successfully
[2025-06-11 16:53:30] API call successful
[2025-06-11 16:53:30] Host found at path 'd.database.host': https://zeus.accurate.id
[2025-06-11 17:00:35] Accurate config loaded successfully
[2025-06-11 17:00:35] Making API call to: https://account.accurate.id/api/api-token.do
[2025-06-11 17:00:35] Timestamp: 11/06/2025 17:00:35
[2025-06-11 17:00:35] Signature: 9F/e4pamD5zI6t7DSyym...
[2025-06-11 17:00:36] HTTP Code: 200
[2025-06-11 17:00:36] Response length: 580 bytes
[2025-06-11 17:00:36] Response preview: {"s":true,"d":{"database":{"license":{"education":false,"licenseEnd":"17/06/2025","accessibleUntil":"22/06/2025","sample":false,"trial":true},"deleted":false,"bgColor":"FFFFFF","host":"https://zeus.ac...
[2025-06-11 17:00:36] JSON decoded successfully
[2025-06-11 17:00:36] API call successful
[2025-06-11 17:00:36] Host found at path 'd.database.host': https://zeus.accurate.id
[2025-06-11 17:00:36] Save Supplier to Accurate - URL: https://zeus.accurate.id/accurate/api/vendor/save.do
[2025-06-11 17:00:36] HTTP Code: 200
[2025-06-11 17:00:36] Response: {"s":false,"d":["Syarat Pembayaran - Days tidak ditemukan atau sudah dihapus"]}...
[2025-06-11 17:00:36] Failed to save supplier: Array
[2025-06-12 08:17:52] Accurate config loaded successfully
[2025-06-13 08:14:08] Accurate config loaded successfully
[2025-06-13 08:16:18] Accurate config loaded successfully
[2025-06-13 09:00:32] Accurate config loaded successfully
[2025-06-13 09:00:46] Accurate config loaded successfully
[2025-06-13 09:01:39] Accurate config loaded successfully
[2025-06-13 09:02:12] Accurate config loaded successfully
[2025-06-13 09:17:40] Accurate config loaded successfully
[2025-06-13 09:17:40] Making API call to: https://account.accurate.id/api/api-token.do
[2025-06-13 09:17:40] Timestamp: 13/06/2025 09:17:40
[2025-06-13 09:17:40] Signature: oNhpkZEgq0PGLddJtagI...
[2025-06-13 09:17:40] HTTP Code: 200
[2025-06-13 09:17:40] Response length: 580 bytes
[2025-06-13 09:17:40] Response preview: {"s":true,"d":{"database":{"license":{"education":false,"licenseEnd":"17/06/2025","accessibleUntil":"22/06/2025","sample":false,"trial":true},"deleted":false,"bgColor":"FFFFFF","host":"https://zeus.ac...
[2025-06-13 09:17:40] JSON decoded successfully
[2025-06-13 09:17:40] API call successful
[2025-06-13 09:17:40] Host found at path 'd.database.host': https://zeus.accurate.id
[2025-06-13 09:33:34] Accurate config loaded successfully
[2025-06-13 09:41:35] Accurate config loaded successfully
[2025-06-13 09:41:45] Accurate config loaded successfully
[2025-06-13 09:42:07] Accurate config loaded successfully
[2025-06-13 09:59:59] Accurate config loaded successfully
[2025-06-13 10:00:32] Accurate config loaded successfully
[2025-06-13 10:04:05] Accurate config loaded successfully
[2025-06-13 10:04:21] Accurate config loaded successfully
[2025-06-13 10:04:36] Accurate config loaded successfully
[2025-06-13 10:04:44] Accurate config loaded successfully
[2025-06-13 10:05:11] Accurate config loaded successfully
[2025-06-13 10:05:16] Accurate config loaded successfully
[2025-06-13 10:05:34] Accurate config loaded successfully
[2025-06-13 10:13:51] Accurate config loaded successfully
[2025-06-13 10:13:59] Accurate config loaded successfully
[2025-06-13 10:14:01] Accurate config loaded successfully
[2025-06-13 10:14:46] Accurate config loaded successfully
[2025-06-13 10:14:50] Accurate config loaded successfully
[2025-06-13 10:14:52] Accurate config loaded successfully
[2025-06-13 10:17:07] Accurate config loaded successfully
[2025-06-13 10:17:08] Accurate config loaded successfully
[2025-06-13 10:17:50] Accurate config loaded successfully
[2025-06-13 10:18:24] Accurate config loaded successfully
[2025-06-13 10:20:11] Accurate config loaded successfully
[2025-06-13 10:20:12] Accurate config loaded successfully
[2025-06-13 10:22:09] Accurate config loaded successfully
[2025-06-13 10:22:11] Accurate config loaded successfully
[2025-06-13 10:27:13] Accurate config loaded successfully
[2025-06-13 10:27:17] Accurate config loaded successfully
[2025-06-13 10:41:25] Accurate config loaded successfully
[2025-06-13 10:41:28] Accurate config loaded successfully
[2025-06-13 10:41:28] Making API call to: https://account.accurate.id/api/api-token.do
[2025-06-13 10:41:28] Timestamp: 13/06/2025 10:41:28
[2025-06-13 10:41:28] Signature: T6XwG3w084/nGmFsvNDC...
[2025-06-13 10:41:28] HTTP Code: 200
[2025-06-13 10:41:28] Response length: 580 bytes
[2025-06-13 10:41:28] Response preview: {"s":true,"d":{"database":{"license":{"education":false,"licenseEnd":"17/06/2025","accessibleUntil":"22/06/2025","sample":false,"trial":true},"deleted":false,"bgColor":"FFFFFF","host":"https://zeus.ac...
[2025-06-13 10:41:28] JSON decoded successfully
[2025-06-13 10:41:28] API call successful
[2025-06-13 10:41:28] Host found at path 'd.database.host': https://zeus.accurate.id
[2025-06-13 10:44:39] Accurate config loaded successfully
[2025-06-13 10:45:00] Accurate config loaded successfully
[2025-06-13 10:45:10] Accurate config loaded successfully
[2025-06-13 10:45:16] Accurate config loaded successfully
[2025-06-13 10:45:26] Accurate config loaded successfully
[2025-06-13 10:47:52] Accurate config loaded successfully
[2025-06-13 10:47:55] Accurate config loaded successfully
[2025-06-13 10:47:55] Making API call to: https://account.accurate.id/api/api-token.do
[2025-06-13 10:47:55] Timestamp: 13/06/2025 10:47:55
[2025-06-13 10:47:55] Signature: IWPbiYcUXaFJBPF7yRBf...
[2025-06-13 10:47:56] HTTP Code: 200
[2025-06-13 10:47:56] Response length: 580 bytes
[2025-06-13 10:47:56] Response preview: {"s":true,"d":{"database":{"license":{"education":false,"licenseEnd":"17/06/2025","accessibleUntil":"22/06/2025","sample":false,"trial":true},"deleted":false,"bgColor":"FFFFFF","host":"https://zeus.ac...
[2025-06-13 10:47:56] JSON decoded successfully
[2025-06-13 10:47:56] API call successful
[2025-06-13 10:47:56] Host found at path 'd.database.host': https://zeus.accurate.id
[2025-06-13 10:51:44] Accurate config loaded successfully
[2025-06-13 10:51:46] Accurate config loaded successfully
[2025-06-13 10:52:04] Accurate config loaded successfully
[2025-06-13 10:52:08] Accurate config loaded successfully
[2025-06-13 10:53:01] Accurate config loaded successfully
[2025-06-13 13:30:06] Accurate config loaded successfully
[2025-06-13 13:30:35] Accurate config loaded successfully
[2025-06-13 13:38:04] Accurate config loaded successfully
[2025-06-13 13:52:01] Accurate config loaded successfully
[2025-06-13 13:52:02] Making API call to: https://account.accurate.id/api/api-token.do
[2025-06-13 13:52:02] Timestamp: 13/06/2025 13:52:02
[2025-06-13 13:52:02] Signature: 6XB0zeA1ftyzJKeSBGc+...
[2025-06-13 13:52:03] HTTP Code: 200
[2025-06-13 13:52:03] Response length: 580 bytes
[2025-06-13 13:52:03] Response preview: {"s":true,"d":{"database":{"license":{"education":false,"licenseEnd":"17/06/2025","accessibleUntil":"22/06/2025","sample":false,"trial":true},"deleted":false,"bgColor":"FFFFFF","host":"https://zeus.ac...
[2025-06-13 13:52:03] JSON decoded successfully
[2025-06-13 13:52:03] API call successful
[2025-06-13 13:52:03] Host found at path 'd.database.host': https://zeus.accurate.id
[2025-06-13 13:52:10] Accurate config loaded successfully
[2025-06-13 13:52:10] Making API call to: https://account.accurate.id/api/api-token.do
[2025-06-13 13:52:10] Timestamp: 13/06/2025 13:52:10
[2025-06-13 13:52:10] Signature: 1BgcbHTyFv11mZ4FAQzv...
[2025-06-13 13:52:10] HTTP Code: 200
[2025-06-13 13:52:10] Response length: 580 bytes
[2025-06-13 13:52:10] Response preview: {"s":true,"d":{"database":{"license":{"education":false,"licenseEnd":"17/06/2025","accessibleUntil":"22/06/2025","sample":false,"trial":true},"deleted":false,"bgColor":"FFFFFF","host":"https://zeus.ac...
[2025-06-13 13:52:10] JSON decoded successfully
[2025-06-13 13:52:10] API call successful
[2025-06-13 13:52:10] Host found at path 'd.database.host': https://zeus.accurate.id
[2025-06-13 13:52:11] Save to Accurate - HTTP Code: 200, Response: {"r":{"codeUnitTax":null,"optLock":0,"name":"Dummy","id":250},"s":true,"d":["Satuan Barang \"Dummy\" berhasil disimpan"]}, Error: 
[2025-06-13 13:52:19] Accurate config loaded successfully
[2025-06-13 14:13:28] Accurate config loaded successfully
[2025-06-13 14:13:29] Making API call to: https://account.accurate.id/api/api-token.do
[2025-06-13 14:13:29] Timestamp: 13/06/2025 14:13:29
[2025-06-13 14:13:29] Signature: INmyT4oSNdYeo7eplasn...
[2025-06-13 14:13:29] HTTP Code: 200
[2025-06-13 14:13:29] Response length: 580 bytes
[2025-06-13 14:13:29] Response preview: {"s":true,"d":{"database":{"license":{"education":false,"licenseEnd":"17/06/2025","accessibleUntil":"22/06/2025","sample":false,"trial":true},"deleted":false,"bgColor":"FFFFFF","host":"https://zeus.ac...
[2025-06-13 14:13:29] JSON decoded successfully
[2025-06-13 14:13:29] API call successful
[2025-06-13 14:13:29] Host found at path 'd.database.host': https://zeus.accurate.id
[2025-06-13 14:13:35] Accurate config loaded successfully
[2025-06-13 14:13:35] Making API call to: https://account.accurate.id/api/api-token.do
[2025-06-13 14:13:35] Timestamp: 13/06/2025 14:13:35
[2025-06-13 14:13:35] Signature: q3cWLNWLUJRNDWr9Ts/y...
[2025-06-13 14:13:35] HTTP Code: 200
[2025-06-13 14:13:35] Response length: 580 bytes
[2025-06-13 14:13:35] Response preview: {"s":true,"d":{"database":{"license":{"education":false,"licenseEnd":"17/06/2025","accessibleUntil":"22/06/2025","sample":false,"trial":true},"deleted":false,"bgColor":"FFFFFF","host":"https://zeus.ac...
[2025-06-13 14:13:35] JSON decoded successfully
[2025-06-13 14:13:35] API call successful
[2025-06-13 14:13:35] Host found at path 'd.database.host': https://zeus.accurate.id
[2025-06-13 14:13:35] Save to Accurate - HTTP Code: 200, Response: {"r":{"codeUnitTax":null,"optLock":0,"name":"Dummy","id":300},"s":true,"d":["Satuan Barang \"Dummy\" berhasil disimpan"]}, Error: 
[2025-06-13 14:13:38] Accurate config loaded successfully
[2025-06-13 14:14:38] Accurate config loaded successfully
[2025-06-13 14:14:49] Accurate config loaded successfully
[2025-06-13 14:23:24] Accurate config loaded successfully
[2025-06-13 14:23:25] Making API call to: https://account.accurate.id/api/api-token.do
[2025-06-13 14:23:25] Timestamp: 13/06/2025 14:23:25
[2025-06-13 14:23:25] Signature: B8iS8dxkiohjG0vapuLY...
[2025-06-13 14:23:25] HTTP Code: 200
[2025-06-13 14:23:25] Response length: 580 bytes
[2025-06-13 14:23:25] Response preview: {"s":true,"d":{"database":{"license":{"education":false,"licenseEnd":"17/06/2025","accessibleUntil":"22/06/2025","sample":false,"trial":true},"deleted":false,"bgColor":"FFFFFF","host":"https://zeus.ac...
[2025-06-13 14:23:25] JSON decoded successfully
[2025-06-13 14:23:25] API call successful
[2025-06-13 14:23:25] Host found at path 'd.database.host': https://zeus.accurate.id
[2025-06-13 14:31:54] Accurate config loaded successfully
[2025-06-13 14:31:54] Making API call to: https://account.accurate.id/api/api-token.do
[2025-06-13 14:31:54] Timestamp: 13/06/2025 14:31:54
[2025-06-13 14:31:54] Signature: eUdBoxB8bVqAefUFqQ/Z...
[2025-06-13 14:31:54] HTTP Code: 200
[2025-06-13 14:31:54] Response length: 580 bytes
[2025-06-13 14:31:54] Response preview: {"s":true,"d":{"database":{"license":{"education":false,"licenseEnd":"17/06/2025","accessibleUntil":"22/06/2025","sample":false,"trial":true},"deleted":false,"bgColor":"FFFFFF","host":"https://zeus.ac...
[2025-06-13 14:31:54] JSON decoded successfully
[2025-06-13 14:31:54] API call successful
[2025-06-13 14:31:54] Host found at path 'd.database.host': https://zeus.accurate.id
[2025-06-13 14:33:49] Accurate config loaded successfully
[2025-06-13 14:38:01] Accurate config loaded successfully
[2025-06-13 14:38:02] Making API call to: https://account.accurate.id/api/api-token.do
[2025-06-13 14:38:02] Timestamp: 13/06/2025 14:38:02
[2025-06-13 14:38:02] Signature: B6kMVDwjT6J+iF2qmivv...
[2025-06-13 14:38:02] HTTP Code: 200
[2025-06-13 14:38:02] Response length: 580 bytes
[2025-06-13 14:38:02] Response preview: {"s":true,"d":{"database":{"license":{"education":false,"licenseEnd":"17/06/2025","accessibleUntil":"22/06/2025","sample":false,"trial":true},"deleted":false,"bgColor":"FFFFFF","host":"https://zeus.ac...
[2025-06-13 14:38:02] JSON decoded successfully
[2025-06-13 14:38:02] API call successful
[2025-06-13 14:38:02] Host found at path 'd.database.host': https://zeus.accurate.id
[2025-06-13 14:42:07] Accurate config loaded successfully
[2025-06-13 15:12:54] Accurate config loaded successfully
[2025-06-13 15:12:54] Making API call to: https://account.accurate.id/api/api-token.do
[2025-06-13 15:12:54] Timestamp: 13/06/2025 15:12:54
[2025-06-13 15:12:54] Signature: wOgTzupSyNwQN4T6XlTF...
[2025-06-13 15:12:54] HTTP Code: 200
[2025-06-13 15:12:54] Response length: 580 bytes
[2025-06-13 15:12:54] Response preview: {"s":true,"d":{"database":{"license":{"education":false,"licenseEnd":"17/06/2025","accessibleUntil":"22/06/2025","sample":false,"trial":true},"deleted":false,"bgColor":"FFFFFF","host":"https://zeus.ac...
[2025-06-13 15:12:54] JSON decoded successfully
[2025-06-13 15:12:54] API call successful
[2025-06-13 15:12:54] Host found at path 'd.database.host': https://zeus.accurate.id
[2025-06-13 15:16:15] Accurate config loaded successfully
[2025-06-13 15:16:15] Making API call to: https://account.accurate.id/api/api-token.do
[2025-06-13 15:16:15] Timestamp: 13/06/2025 15:16:15
[2025-06-13 15:16:15] Signature: pcIpIztAESHGzxqVZMmr...
[2025-06-13 15:16:15] HTTP Code: 200
[2025-06-13 15:16:15] Response length: 580 bytes
[2025-06-13 15:16:15] Response preview: {"s":true,"d":{"database":{"license":{"education":false,"licenseEnd":"17/06/2025","accessibleUntil":"22/06/2025","sample":false,"trial":true},"deleted":false,"bgColor":"FFFFFF","host":"https://zeus.ac...
[2025-06-13 15:16:15] JSON decoded successfully
[2025-06-13 15:16:15] API call successful
[2025-06-13 15:16:15] Host found at path 'd.database.host': https://zeus.accurate.id
[2025-06-13 15:21:44] Accurate config loaded successfully
[2025-06-13 15:21:44] Making API call to: https://account.accurate.id/api/api-token.do
[2025-06-13 15:21:44] Timestamp: 13/06/2025 15:21:44
[2025-06-13 15:21:44] Signature: oyimOFuabs4vvt7WCMae...
[2025-06-13 15:21:44] HTTP Code: 200
[2025-06-13 15:21:44] Response length: 580 bytes
[2025-06-13 15:21:44] Response preview: {"s":true,"d":{"database":{"license":{"education":false,"licenseEnd":"17/06/2025","accessibleUntil":"22/06/2025","sample":false,"trial":true},"deleted":false,"bgColor":"FFFFFF","host":"https://zeus.ac...
[2025-06-13 15:21:44] JSON decoded successfully
[2025-06-13 15:21:44] API call successful
[2025-06-13 15:21:44] Host found at path 'd.database.host': https://zeus.accurate.id
[2025-06-13 15:23:33] Accurate config loaded successfully
[2025-06-13 15:25:28] Accurate config loaded successfully
[2025-06-13 15:25:28] Making API call to: https://account.accurate.id/api/api-token.do
[2025-06-13 15:25:28] Timestamp: 13/06/2025 15:25:28
[2025-06-13 15:25:28] Signature: YAi+K//fixv077NtF/yb...
[2025-06-13 15:25:28] HTTP Code: 200
[2025-06-13 15:25:28] Response length: 580 bytes
[2025-06-13 15:25:28] Response preview: {"s":true,"d":{"database":{"license":{"education":false,"licenseEnd":"17/06/2025","accessibleUntil":"22/06/2025","sample":false,"trial":true},"deleted":false,"bgColor":"FFFFFF","host":"https://zeus.ac...
[2025-06-13 15:25:28] JSON decoded successfully
[2025-06-13 15:25:28] API call successful
[2025-06-13 15:25:28] Host found at path 'd.database.host': https://zeus.accurate.id
[2025-06-13 15:27:31] Accurate config loaded successfully
[2025-06-13 15:29:30] Accurate config loaded successfully
[2025-06-13 15:29:30] Making API call to: https://account.accurate.id/api/api-token.do
[2025-06-13 15:29:30] Timestamp: 13/06/2025 15:29:30
[2025-06-13 15:29:30] Signature: O4UCkWLTgOx0oNKtDQN7...
[2025-06-13 15:29:30] HTTP Code: 200
[2025-06-13 15:29:30] Response length: 580 bytes
[2025-06-13 15:29:30] Response preview: {"s":true,"d":{"database":{"license":{"education":false,"licenseEnd":"17/06/2025","accessibleUntil":"22/06/2025","sample":false,"trial":true},"deleted":false,"bgColor":"FFFFFF","host":"https://zeus.ac...
[2025-06-13 15:29:30] JSON decoded successfully
[2025-06-13 15:29:30] API call successful
[2025-06-13 15:29:30] Host found at path 'd.database.host': https://zeus.accurate.id
[2025-06-13 15:29:43] Accurate config loaded successfully
[2025-06-13 15:29:43] Making API call to: https://account.accurate.id/api/api-token.do
[2025-06-13 15:29:43] Timestamp: 13/06/2025 15:29:43
[2025-06-13 15:29:43] Signature: GeaWPaZ6vKjsXCDXAVw4...
[2025-06-13 15:29:43] HTTP Code: 200
[2025-06-13 15:29:43] Response length: 580 bytes
[2025-06-13 15:29:43] Response preview: {"s":true,"d":{"database":{"license":{"education":false,"licenseEnd":"17/06/2025","accessibleUntil":"22/06/2025","sample":false,"trial":true},"deleted":false,"bgColor":"FFFFFF","host":"https://zeus.ac...
[2025-06-13 15:29:43] JSON decoded successfully
[2025-06-13 15:29:43] API call successful
[2025-06-13 15:29:43] Host found at path 'd.database.host': https://zeus.accurate.id
[2025-06-13 15:30:48] Accurate config loaded successfully
[2025-06-14 08:21:13] Accurate config loaded successfully
[2025-06-15 08:10:07] Accurate config loaded successfully
[2025-06-16 15:41:04] Accurate config loaded successfully
[2025-06-16 15:43:12] Accurate config loaded successfully
[2025-06-16 15:43:42] Accurate config loaded successfully
[2025-06-16 15:45:03] Accurate config loaded successfully
[2025-06-17 09:08:04] Accurate config loaded successfully
[2025-06-17 09:57:30] Accurate config loaded successfully
[2025-06-17 10:01:49] Accurate config loaded successfully
[2025-06-17 10:01:50] Accurate config loaded successfully
[2025-06-17 10:02:00] Accurate config loaded successfully
[2025-06-17 10:02:07] Accurate config loaded successfully
[2025-06-17 10:02:26] Accurate config loaded successfully
[2025-06-17 10:04:30] Accurate config loaded successfully
[2025-06-17 10:04:50] Accurate config loaded successfully
[2025-06-17 10:04:53] Accurate config loaded successfully
[2025-06-17 10:05:25] Accurate config loaded successfully
[2025-06-17 10:14:22] Accurate config loaded successfully
[2025-06-17 10:14:29] Accurate config loaded successfully
[2025-06-17 10:14:35] Accurate config loaded successfully
[2025-06-17 10:20:48] Accurate config loaded successfully
[2025-06-17 10:20:54] Accurate config loaded successfully
[2025-06-17 12:29:31] Accurate config loaded successfully
[2025-06-17 12:29:31] Accurate config loaded successfully
[2025-06-17 12:29:44] Accurate config loaded successfully
[2025-06-17 12:42:32] Accurate config loaded successfully
[2025-06-17 12:42:40] Accurate config loaded successfully
[2025-06-17 13:33:36] Accurate config loaded successfully
[2025-06-17 16:38:34] Accurate config loaded successfully
[2025-06-17 16:38:49] Accurate config loaded successfully
[2025-06-17 16:38:53] Accurate config loaded successfully
[2025-06-17 17:07:44] Accurate config loaded successfully
[2025-06-17 17:09:07] Accurate config loaded successfully
[2025-06-17 18:31:58] Accurate config loaded successfully
[2025-06-17 18:33:47] Accurate config loaded successfully
[2025-06-17 18:34:41] Accurate config loaded successfully
[2025-06-17 18:47:49] Accurate config loaded successfully
[2025-06-17 18:59:10] Accurate config loaded successfully
[2025-06-17 19:21:37] Accurate config loaded successfully
[2025-06-17 19:21:40] Accurate config loaded successfully
[2025-06-17 19:21:45] Accurate config loaded successfully
[2025-06-17 20:04:46] Accurate config loaded successfully
[2025-06-17 20:04:50] Accurate config loaded successfully
[2025-06-17 20:04:54] Accurate config loaded successfully
[2025-06-17 20:05:22] Accurate config loaded successfully
[2025-06-17 20:05:32] Accurate config loaded successfully
[2025-06-17 20:05:39] Accurate config loaded successfully
[2025-06-17 20:05:42] Accurate config loaded successfully
[2025-06-17 20:05:50] Accurate config loaded successfully
[2025-06-17 20:26:53] Accurate config loaded successfully
[2025-06-17 20:26:57] Accurate config loaded successfully
[2025-06-17 20:26:59] Accurate config loaded successfully
[2025-06-17 20:27:24] Accurate config loaded successfully
[2025-06-17 20:33:41] Accurate config loaded successfully
[2025-06-17 20:36:08] Accurate config loaded successfully
[2025-06-17 20:41:28] Accurate config loaded successfully
[2025-06-17 20:54:08] Accurate config loaded successfully
[2025-06-17 20:54:58] Accurate config loaded successfully
[2025-06-17 20:57:57] Accurate config loaded successfully
[2025-06-17 20:58:14] Accurate config loaded successfully
[2025-06-17 20:58:20] Accurate config loaded successfully
[2025-06-17 20:58:24] Accurate config loaded successfully
[2025-06-17 21:04:46] Accurate config loaded successfully
[2025-06-17 21:04:47] Accurate config loaded successfully
[2025-06-17 21:05:00] Accurate config loaded successfully
[2025-06-27 10:00:28] Accurate config loaded successfully
[2025-06-27 10:01:07] Accurate config loaded successfully
[2025-06-27 10:01:18] Accurate config loaded successfully
[2025-06-27 10:01:23] Accurate config loaded successfully
[2025-06-27 10:01:23] Making API call to: https://account.accurate.id/api/api-token.do
[2025-06-27 10:01:23] Timestamp: 27/06/2025 10:01:23
[2025-06-27 10:01:23] Signature: /aVZac9UsukFVH9eQr7T...
[2025-06-27 10:01:23] HTTP Code: 200
[2025-06-27 10:01:23] Response length: 569 bytes
[2025-06-27 10:01:23] Response preview: {"s":true,"d":{"database":{"license":{"education":false,"licenseEnd":"27/07/2025","accessibleUntil":"01/08/2025","sample":false,"trial":true},"deleted":false,"bgColor":"FFFFFF","host":"https://zeus.ac...
[2025-06-27 10:01:23] JSON decoded successfully
[2025-06-27 10:01:23] API call successful
[2025-06-27 10:01:23] Host found at path 'd.database.host': https://zeus.accurate.id
[2025-06-27 10:01:33] Accurate config loaded successfully
[2025-06-27 10:01:33] Making API call to: https://account.accurate.id/api/api-token.do
[2025-06-27 10:01:33] Timestamp: 27/06/2025 10:01:33
[2025-06-27 10:01:33] Signature: 3bb7FMMUrmOd8eJBvlao...
[2025-06-27 10:01:33] HTTP Code: 200
[2025-06-27 10:01:33] Response length: 569 bytes
[2025-06-27 10:01:33] Response preview: {"s":true,"d":{"database":{"license":{"education":false,"licenseEnd":"27/07/2025","accessibleUntil":"01/08/2025","sample":false,"trial":true},"deleted":false,"bgColor":"FFFFFF","host":"https://zeus.ac...
[2025-06-27 10:01:33] JSON decoded successfully
[2025-06-27 10:01:33] API call successful
[2025-06-27 10:01:33] Host found at path 'd.database.host': https://zeus.accurate.id
[2025-06-27 10:01:41] Accurate config loaded successfully
[2025-06-27 10:01:41] Making API call to: https://account.accurate.id/api/api-token.do
[2025-06-27 10:01:41] Timestamp: 27/06/2025 10:01:41
[2025-06-27 10:01:41] Signature: n/Sy2asL0hgKw8JN5xaq...
[2025-06-27 10:01:41] HTTP Code: 200
[2025-06-27 10:01:41] Response length: 569 bytes
[2025-06-27 10:01:41] Response preview: {"s":true,"d":{"database":{"license":{"education":false,"licenseEnd":"27/07/2025","accessibleUntil":"01/08/2025","sample":false,"trial":true},"deleted":false,"bgColor":"FFFFFF","host":"https://zeus.ac...
[2025-06-27 10:01:41] JSON decoded successfully
[2025-06-27 10:01:41] API call successful
[2025-06-27 10:01:41] Host found at path 'd.database.host': https://zeus.accurate.id
[2025-06-27 10:01:42] Save to Accurate - HTTP Code: 200, Response: {"r":{"codeUnitTax":null,"optLock":0,"name":"Pcs","id":100},"s":true,"d":["Satuan Barang \"Pcs\" berhasil disimpan"]}, Error: 
[2025-06-27 10:02:24] Accurate config loaded successfully
[2025-06-27 10:02:41] Accurate config loaded successfully
[2025-07-02 10:38:25] Accurate config loaded successfully
[2025-07-02 10:39:25] Accurate config loaded successfully
[2025-07-02 10:42:02] Accurate config loaded successfully
[2025-07-02 10:42:11] Accurate config loaded successfully
[2025-07-02 10:42:11] Making API call to: https://account.accurate.id/api/api-token.do
[2025-07-02 10:42:11] Timestamp: 02/07/2025 10:42:11
[2025-07-02 10:42:11] Signature: BkhstiuNrh39drMUyd6Q...
[2025-07-02 10:42:13] HTTP Code: 200
[2025-07-02 10:42:13] Response length: 569 bytes
[2025-07-02 10:42:13] Response preview: {"s":true,"d":{"database":{"license":{"education":false,"licenseEnd":"27/07/2025","accessibleUntil":"01/08/2025","sample":false,"trial":true},"deleted":false,"bgColor":"FFFFFF","host":"https://zeus.ac...
[2025-07-02 10:42:13] JSON decoded successfully
[2025-07-02 10:42:13] API call successful
[2025-07-02 10:42:13] Host found at path 'd.database.host': https://zeus.accurate.id
[2025-07-02 10:57:59] Accurate config loaded successfully
[2025-07-02 10:58:01] Making API call to: https://account.accurate.id/api/api-token.do
[2025-07-02 10:58:01] Timestamp: 02/07/2025 10:58:01
[2025-07-02 10:58:01] Signature: TQTdPeWbRR1xxvQ9IPMf...
[2025-07-02 10:58:01] HTTP Code: 200
[2025-07-02 10:58:01] Response length: 569 bytes
[2025-07-02 10:58:01] Response preview: {"s":true,"d":{"database":{"license":{"education":false,"licenseEnd":"27/07/2025","accessibleUntil":"01/08/2025","sample":false,"trial":true},"deleted":false,"bgColor":"FFFFFF","host":"https://zeus.ac...
[2025-07-02 10:58:01] JSON decoded successfully
[2025-07-02 10:58:01] API call successful
[2025-07-02 10:58:01] Host found at path 'd.database.host': https://zeus.accurate.id
[2025-07-02 11:12:31] Accurate config loaded successfully
[2025-07-02 11:12:33] Making API call to: https://account.accurate.id/api/api-token.do
[2025-07-02 11:12:33] Timestamp: 02/07/2025 11:12:33
[2025-07-02 11:12:33] Signature: drI4g+7maqiA3CxztdC6...
[2025-07-02 11:12:33] HTTP Code: 200
[2025-07-02 11:12:33] Response length: 569 bytes
[2025-07-02 11:12:33] Response preview: {"s":true,"d":{"database":{"license":{"education":false,"licenseEnd":"27/07/2025","accessibleUntil":"01/08/2025","sample":false,"trial":true},"deleted":false,"bgColor":"FFFFFF","host":"https://zeus.ac...
[2025-07-02 11:12:33] JSON decoded successfully
[2025-07-02 11:12:33] API call successful
[2025-07-02 11:12:33] Host found at path 'd.database.host': https://zeus.accurate.id
[2025-07-02 11:14:01] Accurate config loaded successfully
[2025-07-02 11:14:01] Making API call to: https://account.accurate.id/api/api-token.do
[2025-07-02 11:14:01] Timestamp: 02/07/2025 11:14:01
[2025-07-02 11:14:01] Signature: PAyEg67iRv2bgv4NKYE+...
[2025-07-02 11:14:01] HTTP Code: 200
[2025-07-02 11:14:01] Response length: 569 bytes
[2025-07-02 11:14:01] Response preview: {"s":true,"d":{"database":{"license":{"education":false,"licenseEnd":"27/07/2025","accessibleUntil":"01/08/2025","sample":false,"trial":true},"deleted":false,"bgColor":"FFFFFF","host":"https://zeus.ac...
[2025-07-02 11:14:01] JSON decoded successfully
[2025-07-02 11:14:01] API call successful
[2025-07-02 11:14:01] Host found at path 'd.database.host': https://zeus.accurate.id
[2025-07-02 11:14:47] Accurate config loaded successfully
[2025-07-02 11:16:56] Accurate config loaded successfully
[2025-07-02 11:18:32] Accurate config loaded successfully
[2025-07-02 11:26:47] Accurate config loaded successfully
[2025-07-02 11:26:47] Accurate config loaded successfully
[2025-07-02 11:27:55] Accurate config loaded successfully
[2025-07-02 11:50:43] Accurate config loaded successfully
[2025-07-02 13:32:12] Accurate config loaded successfully
[2025-07-02 13:32:24] Accurate config loaded successfully
[2025-07-02 13:38:35] Accurate config loaded successfully
[2025-07-02 13:40:50] Accurate config loaded successfully
[2025-07-02 14:06:38] Accurate config loaded successfully
[2025-07-02 14:06:48] Accurate config loaded successfully
[2025-07-02 14:29:27] Accurate config loaded successfully
[2025-07-02 14:29:36] Accurate config loaded successfully
[2025-07-02 14:37:42] Accurate config loaded successfully
[2025-07-02 14:42:35] Accurate config loaded successfully
[2025-07-02 14:42:38] Accurate config loaded successfully
[2025-07-02 14:43:17] Accurate config loaded successfully
[2025-07-02 14:55:07] Accurate config loaded successfully
[2025-07-02 14:55:07] Making API call to: https://account.accurate.id/api/api-token.do
[2025-07-02 14:55:07] Timestamp: 02/07/2025 14:55:07
[2025-07-02 14:55:07] Signature: vznOSkcGBjxX1G+MPswr...
[2025-07-02 14:55:07] HTTP Code: 200
[2025-07-02 14:55:07] Response length: 569 bytes
[2025-07-02 14:55:07] Response preview: {"s":true,"d":{"database":{"license":{"education":false,"licenseEnd":"27/07/2025","accessibleUntil":"01/08/2025","sample":false,"trial":true},"deleted":false,"bgColor":"FFFFFF","host":"https://zeus.ac...
[2025-07-02 14:55:07] JSON decoded successfully
[2025-07-02 14:55:07] API call successful
[2025-07-02 14:55:07] Host found at path 'd.database.host': https://zeus.accurate.id
[2025-07-02 14:55:35] Accurate config loaded successfully
[2025-07-02 14:55:39] Making API call to: https://account.accurate.id/api/api-token.do
[2025-07-02 14:55:39] Timestamp: 02/07/2025 14:55:39
[2025-07-02 14:55:39] Signature: krRK9YCe6AbZJHp8axXT...
[2025-07-02 14:55:39] HTTP Code: 200
[2025-07-02 14:55:39] Response length: 569 bytes
[2025-07-02 14:55:39] Response preview: {"s":true,"d":{"database":{"license":{"education":false,"licenseEnd":"27/07/2025","accessibleUntil":"01/08/2025","sample":false,"trial":true},"deleted":false,"bgColor":"FFFFFF","host":"https://zeus.ac...
[2025-07-02 14:55:39] JSON decoded successfully
[2025-07-02 14:55:39] API call successful
[2025-07-02 14:55:39] Host found at path 'd.database.host': https://zeus.accurate.id
[2025-07-02 14:56:02] Accurate config loaded successfully
[2025-07-02 15:13:18] Accurate config loaded successfully
[2025-07-02 15:13:29] Accurate config loaded successfully
[2025-07-02 15:40:25] Accurate config loaded successfully
[2025-07-02 15:56:09] Accurate config loaded successfully
[2025-07-02 16:08:00] Accurate config loaded successfully
[2025-07-02 16:08:37] Accurate config loaded successfully
[2025-07-02 16:09:21] Accurate config loaded successfully
[2025-07-02 16:22:44] Accurate config loaded successfully
[2025-07-02 16:25:15] Accurate config loaded successfully
[2025-07-02 16:34:31] Accurate config loaded successfully
[2025-07-02 16:35:42] Accurate config loaded successfully
[2025-07-02 16:36:31] Accurate config loaded successfully
[2025-07-02 16:44:03] Accurate config loaded successfully
[2025-07-02 16:48:44] Accurate config loaded successfully
[2025-07-02 16:50:09] Accurate config loaded successfully
[2025-07-02 16:50:10] Making API call to: https://account.accurate.id/api/api-token.do
[2025-07-02 16:50:10] Timestamp: 02/07/2025 16:50:10
[2025-07-02 16:50:10] Signature: EUemYJqZEHX/WsTyHOgq...
[2025-07-02 16:50:10] HTTP Code: 200
[2025-07-02 16:50:10] Response length: 569 bytes
[2025-07-02 16:50:10] Response preview: {"s":true,"d":{"database":{"license":{"education":false,"licenseEnd":"27/07/2025","accessibleUntil":"01/08/2025","sample":false,"trial":true},"deleted":false,"bgColor":"FFFFFF","host":"https://zeus.ac...
[2025-07-02 16:50:10] JSON decoded successfully
[2025-07-02 16:50:10] API call successful
[2025-07-02 16:50:10] Host found at path 'd.database.host': https://zeus.accurate.id
[2025-07-03 09:35:53] Accurate config loaded successfully
[2025-07-03 21:19:06] Accurate config loaded successfully
[2025-07-09 11:20:52] Accurate config loaded successfully
[2025-07-09 11:22:37] Accurate config loaded successfully
[2025-07-09 11:23:51] Accurate config loaded successfully
[2025-07-09 11:30:10] Accurate config loaded successfully
[2025-07-09 11:31:11] Accurate config loaded successfully
[2025-07-09 11:55:55] Accurate config loaded successfully
[2025-07-09 11:56:00] Accurate config loaded successfully
[2025-07-09 11:57:13] Accurate config loaded successfully
[2025-07-09 12:32:10] Accurate config loaded successfully
[2025-07-09 12:32:23] Accurate config loaded successfully
[2025-07-09 12:33:31] Accurate config loaded successfully
[2025-08-16 11:39:09] Accurate config loaded successfully
[2025-08-18 09:44:28] Accurate config loaded successfully
[2025-08-18 11:02:49] Accurate config loaded successfully
